Detecting C [-std=c11] compiler features failed to compile with the following output:
Change Dir: /home/enping/boids/src/build/CMakeFiles/CMakeTmp

Run Build Command:"/usr/bin/make" "cmTC_8b40c/fast"
/usr/bin/make -f CMakeFiles/cmTC_8b40c.dir/build.make CMakeFiles/cmTC_8b40c.dir/build
make[1]: Entering directory '/home/enping/boids/src/build/CMakeFiles/CMakeTmp'
Building C object CMakeFiles/cmTC_8b40c.dir/feature_tests.c.o
/usr/bin/c89-gcc   -std=c11 -o CMakeFiles/cmTC_8b40c.dir/feature_tests.c.o   -c /home/enping/boids/src/build/CMakeFiles/feature_tests.c
c89-gcc called with non ANSI/ISO C option -std=c11
CMakeFiles/cmTC_8b40c.dir/build.make:65: recipe for target 'CMakeFiles/cmTC_8b40c.dir/feature_tests.c.o' failed
make[1]: *** [CMakeFiles/cmTC_8b40c.dir/feature_tests.c.o] Error 1
make[1]: Leaving directory '/home/enping/boids/src/build/CMakeFiles/CMakeTmp'
Makefile:126: recipe for target 'cmTC_8b40c/fast' failed
make: *** [cmTC_8b40c/fast] Error 2



Determining if the pthread_create exist failed with the following output:
Change Dir: /home/enping/boids/src/build/CMakeFiles/CMakeTmp

Run Build Command:"/usr/bin/make" "cmTC_58566/fast"
/usr/bin/make -f CMakeFiles/cmTC_58566.dir/build.make CMakeFiles/cmTC_58566.dir/build
make[1]: Entering directory '/home/enping/boids/src/build/CMakeFiles/CMakeTmp'
Building C object CMakeFiles/cmTC_58566.dir/CheckSymbolExists.c.o
/usr/bin/c89-gcc    -o CMakeFiles/cmTC_58566.dir/CheckSymbolExists.c.o   -c /home/enping/boids/src/build/CMakeFiles/CMakeTmp/CheckSymbolExists.c
Linking C executable cmTC_58566
/usr/bin/cmake -E cmake_link_script CMakeFiles/cmTC_58566.dir/link.txt --verbose=1
/usr/bin/c89-gcc      -rdynamic CMakeFiles/cmTC_58566.dir/CheckSymbolExists.c.o  -o cmTC_58566 
CMakeFiles/cmTC_58566.dir/CheckSymbolExists.c.o: 於函式 main:
CheckSymbolExists.c:(.text+0x1b): 未定義參考到 pthread_create
collect2: error: ld returned 1 exit status
CMakeFiles/cmTC_58566.dir/build.make:97: recipe for target 'cmTC_58566' failed
make[1]: *** [cmTC_58566] Error 1
make[1]: Leaving directory '/home/enping/boids/src/build/CMakeFiles/CMakeTmp'
Makefile:126: recipe for target 'cmTC_58566/fast' failed
make: *** [cmTC_58566/fast] Error 2

File /home/enping/boids/src/build/CMakeFiles/CMakeTmp/CheckSymbolExists.c:
/* */
#include <pthread.h>

int main(int argc, char** argv)
{
  (void)argv;
#ifndef pthread_create
  return ((int*)(&pthread_create))[argc];
#else
  (void)argc;
  return 0;
#endif
}

Determining if the function pthread_create exists in the pthreads failed with the following output:
Change Dir: /home/enping/boids/src/build/CMakeFiles/CMakeTmp

Run Build Command:"/usr/bin/make" "cmTC_97d77/fast"
/usr/bin/make -f CMakeFiles/cmTC_97d77.dir/build.make CMakeFiles/cmTC_97d77.dir/build
make[1]: Entering directory '/home/enping/boids/src/build/CMakeFiles/CMakeTmp'
Building C object CMakeFiles/cmTC_97d77.dir/CheckFunctionExists.c.o
/usr/bin/c89-gcc   -DCHECK_FUNCTION_EXISTS=pthread_create   -o CMakeFiles/cmTC_97d77.dir/CheckFunctionExists.c.o   -c /usr/share/cmake-3.10/Modules/CheckFunctionExists.c
Linking C executable cmTC_97d77
/usr/bin/cmake -E cmake_link_script CMakeFiles/cmTC_97d77.dir/link.txt --verbose=1
/usr/bin/c89-gcc  -DCHECK_FUNCTION_EXISTS=pthread_create    -rdynamic CMakeFiles/cmTC_97d77.dir/CheckFunctionExists.c.o  -o cmTC_97d77 -lpthreads 
/usr/bin/ld: 找不到 -lpthreads
collect2: error: ld returned 1 exit status
CMakeFiles/cmTC_97d77.dir/build.make:97: recipe for target 'cmTC_97d77' failed
make[1]: *** [cmTC_97d77] Error 1
make[1]: Leaving directory '/home/enping/boids/src/build/CMakeFiles/CMakeTmp'
Makefile:126: recipe for target 'cmTC_97d77/fast' failed
make: *** [cmTC_97d77/fast] Error 2


Determining if the drand48 exist failed with the following output:
Change Dir: /home/enping/boids/src/build/CMakeFiles/CMakeTmp

Run Build Command:"/usr/bin/make" "cmTC_4967e/fast"
/usr/bin/make -f CMakeFiles/cmTC_4967e.dir/build.make CMakeFiles/cmTC_4967e.dir/build
make[1]: Entering directory '/home/enping/boids/src/build/CMakeFiles/CMakeTmp'
Building C object CMakeFiles/cmTC_4967e.dir/CheckSymbolExists.c.o
/usr/bin/c89-gcc    -o CMakeFiles/cmTC_4967e.dir/CheckSymbolExists.c.o   -c /home/enping/boids/src/build/CMakeFiles/CMakeTmp/CheckSymbolExists.c
/home/enping/boids/src/build/CMakeFiles/CMakeTmp/CheckSymbolExists.c: In function ‘main’:
/home/enping/boids/src/build/CMakeFiles/CMakeTmp/CheckSymbolExists.c:8:19: error: ‘drand48’ undeclared (first use in this function); did you mean ‘srand’?
   return ((int*)(&drand48))[argc];
                   ^~~~~~~
                   srand
/home/enping/boids/src/build/CMakeFiles/CMakeTmp/CheckSymbolExists.c:8:19: note: each undeclared identifier is reported only once for each function it appears in
CMakeFiles/cmTC_4967e.dir/build.make:65: recipe for target 'CMakeFiles/cmTC_4967e.dir/CheckSymbolExists.c.o' failed
make[1]: *** [CMakeFiles/cmTC_4967e.dir/CheckSymbolExists.c.o] Error 1
make[1]: Leaving directory '/home/enping/boids/src/build/CMakeFiles/CMakeTmp'
Makefile:126: recipe for target 'cmTC_4967e/fast' failed
make: *** [cmTC_4967e/fast] Error 2

File /home/enping/boids/src/build/CMakeFiles/CMakeTmp/CheckSymbolExists.c:
/* */
#include <stdlib.h>

int main(int argc, char** argv)
{
  (void)argv;
#ifndef drand48
  return ((int*)(&drand48))[argc];
#else
  (void)argc;
  return 0;
#endif
}

Determining if the include file pgm.h exists failed with the following output:
Change Dir: /home/enping/boids/src/build/CMakeFiles/CMakeTmp

Run Build Command:"/usr/bin/make" "cmTC_eee3a/fast"
/usr/bin/make -f CMakeFiles/cmTC_eee3a.dir/build.make CMakeFiles/cmTC_eee3a.dir/build
make[1]: Entering directory '/home/enping/boids/src/build/CMakeFiles/CMakeTmp'
Building CXX object CMakeFiles/cmTC_eee3a.dir/CheckIncludeFile.cxx.o
/usr/bin/c++     -o CMakeFiles/cmTC_eee3a.dir/CheckIncludeFile.cxx.o -c /home/enping/boids/src/build/CMakeFiles/CMakeTmp/CheckIncludeFile.cxx
/home/enping/boids/src/build/CMakeFiles/CMakeTmp/CheckIncludeFile.cxx:1:10: fatal error: pgm.h: 沒有此一檔案或目錄
 #include <pgm.h>
          ^~~~~~~
compilation terminated.
CMakeFiles/cmTC_eee3a.dir/build.make:65: recipe for target 'CMakeFiles/cmTC_eee3a.dir/CheckIncludeFile.cxx.o' failed
make[1]: *** [CMakeFiles/cmTC_eee3a.dir/CheckIncludeFile.cxx.o] Error 1
make[1]: Leaving directory '/home/enping/boids/src/build/CMakeFiles/CMakeTmp'
Makefile:126: recipe for target 'cmTC_eee3a/fast' failed
make: *** [cmTC_eee3a/fast] Error 2


